*** Using Compiler 'V5.06 update 3 (build 300)', folder: 'D:\Program Files\keil\ARM\ARMCC\Bin'
Rebuild target 'LED'
assembling startup_stm32f051x8.s...
compiling mpu6050.c...
compiling system_stm32f0xx.c...
compiling stm32f0xx_hal_msp.c...
compiling stm32f0xx_hal.c...
compiling dht22.c...
../Src/dht22.c(90): warning:  #1-D: last line of file ends without a newline
  }
../Src/dht22.c: 1 warning, 0 errors
compiling esp8266.c...
compiling sd_card.c...
compiling stm32f0xx_it.c...
compiling mqtt.c...
compiling stm32f0xx_hal_rcc_ex.c...
compiling gps.c...
compiling main.c...
../Src/main.c(270): warning:  #550-D: variable "len" was set but never used
      int len;
../Src/main.c(20): warning:  #177-D: variable "last_mqtt_tick" was declared but never referenced
  static uint32_t last_mqtt_tick = 0;
../Src/main.c: 2 warnings, 0 errors
compiling alarm.c...
../Src/alarm.c(6): warning:  #550-D: variable "alarm_active" was set but never used
  static uint8_t alarm_active = 0;
../Src/alarm.c: 1 warning, 0 errors
compiling stm32f0xx_hal_rcc.c...
compiling stm32f0xx_hal_gpio.c...
compiling stm32f0xx_hal_flash_ex.c...
compiling stm32f0xx_hal_pwr.c...
compiling stm32f0xx_hal_flash.c...
compiling stm32f0xx_hal_dma.c...
compiling stm32f0xx_hal_pwr_ex.c...
compiling stm32f0xx_hal_cortex.c...
compiling stm32f0xx_hal_i2c_ex.c...
compiling stm32f0xx_hal_spi_ex.c...
compiling stm32f0xx_hal_uart_ex.c...
compiling stm32f0xx_hal_tim_ex.c...
compiling stm32f0xx_hal_i2c.c...
compiling stm32f0xx_hal_uart.c...
compiling stm32f0xx_hal_spi.c...
compiling stm32f0xx_hal_usart.c...
compiling stm32f0xx_hal_tim.c...
linking...
Program Size: Code=22620 RO-data=504 RW-data=52 ZI-data=2476  
FromELF: creating hex file...
"LED\LED.axf" - 0 Error(s), 4 Warning(s).
Build Time Elapsed:  00:00:02
